[23:49:09] [main/WARN]: Ambiguity between arguments [teleport, destination] and [teleport, targets] with inputs: [Player, 0123, @e, dd12be42-52a9-4a91-a8a1-11c01849e498]
[23:49:09] [main/WARN]: Ambiguity between arguments [teleport, location] and [teleport, destination] with inputs: [0.1 -0.5 .9, 0 0 0]
[23:49:09] [main/WARN]: Ambiguity between arguments [teleport, location] and [teleport, targets] with inputs: [0.1 -0.5 .9, 0 0 0]
[23:49:09] [main/WARN]: Ambiguity between arguments [teleport, targets] and [teleport, destination] with inputs: [Player, 0123, dd12be42-52a9-4a91-a8a1-11c01849e498]
[23:49:09] [main/WARN]: Ambiguity between arguments [teleport, targets, location] and [teleport, targets, destination] with inputs: [0.1 -0.5 .9, 0 0 0]
[23:49:09] [main/INFO]: Loaded 0 recipes
[23:49:09] [main/INFO]: Loaded 0 advancements
[23:49:11] [Server thread/INFO]: Starting minecraft server version 1.13.1
[23:49:11] [Server thread/INFO]: Loading properties
[23:49:11] [Server thread/INFO]: Default game type: SURVIVAL
[23:49:11] [Server thread/INFO]: Generating keypair
[23:49:11] [Server thread/INFO]: Starting Minecraft server on *:25565
[23:49:11] [Server thread/INFO]: Using default channel type
[23:49:11] [Server thread/INFO]: Preparing level "world"
[23:49:11] [Server thread/INFO]: Found new data pack vanilla, loading it automatically
[23:49:11] [Server thread/INFO]: Reloading ResourceManager: Default
[23:49:12] [Server thread/INFO]: Loaded 524 recipes
[23:49:12] [Server thread/INFO]: Loaded 571 advancements
[23:49:16] [Server thread/INFO]: Preparing start region for dimension minecraft:overworld
[23:49:17] [Server thread/INFO]: Preparing spawn area: 0%
[23:49:18] [Server thread/INFO]: Preparing spawn area: 0%
[23:49:18] [Server thread/INFO]: Preparing spawn area: 4%
[23:49:18] [Server thread/INFO]: Preparing spawn area: 8%
[23:49:19] [Server thread/INFO]: Preparing spawn area: 12%
[23:49:19] [Server thread/INFO]: Preparing spawn area: 16%
[23:49:19] [Server thread/INFO]: Preparing spawn area: 20%
[23:49:20] [Server thread/INFO]: Preparing spawn area: 24%
[23:49:20] [Server thread/INFO]: Preparing spawn area: 28%
[23:49:20] [Server thread/INFO]: Preparing spawn area: 32%
[23:49:20] [Server thread/INFO]: Preparing spawn area: 36%
[23:49:21] [Server thread/INFO]: Preparing spawn area: 40%
[23:49:21] [Server thread/INFO]: Preparing spawn area: 44%
[23:49:21] [Server thread/INFO]: Preparing spawn area: 48%
[23:49:21] [Server thread/INFO]: Preparing spawn area: 52%
[23:49:22] [Server thread/INFO]: Preparing spawn area: 56%
[23:49:22] [Server thread/INFO]: Preparing spawn area: 60%
[23:49:22] [Server thread/INFO]: Preparing spawn area: 64%
[23:49:23] [Server thread/INFO]: Preparing spawn area: 68%
[23:49:23] [Server thread/INFO]: Preparing spawn area: 72%
[23:49:23] [Server thread/INFO]: Preparing spawn area: 76%
[23:49:23] [Server thread/INFO]: Preparing spawn area: 80%
[23:49:24] [Server thread/INFO]: Preparing spawn area: 84%
[23:49:24] [Server thread/INFO]: Preparing spawn area: 88%
[23:49:24] [Server thread/INFO]: Preparing spawn area: 92%
[23:49:24] [Server thread/INFO]: Preparing spawn area: 96%
[23:49:25] [Server thread/INFO]: Preparing spawn area: 100%
[23:49:25] [Server thread/INFO]: Time elapsed: 9136 ms
[23:49:25] [Server thread/INFO]: Done (13.260s)! For help, type "help"
[23:49:54] [User Authenticator #1/INFO]: UUID of player Val_Nabe is ed267c30-1cc4-4ac4-9fb8-f2263b79e01a
[23:49:54] [Server thread/INFO]: Val_Nabe[/192.168.0.2:53922] logged in with entity id 254 at (253.5, 63.0, -170.5)
[23:49:54] [Server thread/INFO]: Val_Nabe joined the game
[23:56:47] [Server thread/INFO]: Stopping server
[23:56:47] [Server thread/INFO]: Saving players
[23:56:47] [Server thread/WARN]: Failed to save player data for Val_Nabe
[23:56:47] [Server thread/ERROR]: Couldn't save stats
java.io.FileNotFoundException: ./world/stats/ed267c30-1cc4-4ac4-9fb8-f2263b79e01a.json (No such file or directory)
	at java.io.FileOutputStream.open0(Native Method) ~[?:?]
	at java.io.FileOutputStream.open(Unknown Source) ~[?:?]
	at java.io.FileOutputStream.<init>(Unknown Source) ~[?:?]
	at org.apache.commons.io.FileUtils.openOutputStream(FileUtils.java:360) ~[server.jar:?]
	at org.apache.commons.io.FileUtils.writeStringToFile(FileUtils.java:1981) ~[server.jar:?]
	at org.apache.commons.io.FileUtils.writeStringToFile(FileUtils.java:2017) ~[server.jar:?]
	at wo.a(SourceFile:61) [server.jar:?]
	at vp.b(SourceFile:309) [server.jar:?]
	at vp.j(SourceFile:768) [server.jar:?]
	at net.minecraft.server.MinecraftServer.h_(SourceFile:523) [server.jar:?]
	at net.minecraft.server.MinecraftServer.run(SourceFile:619) [server.jar:?]
	at java.lang.Thread.run(Unknown Source) [?:?]
[23:56:47] [Server thread/ERROR]: Couldn't save player advancements to ./world/advancements/ed267c30-1cc4-4ac4-9fb8-f2263b79e01a.json
java.io.FileNotFoundException: ./world/advancements/ed267c30-1cc4-4ac4-9fb8-f2263b79e01a.json (No such file or directory)
	at java.io.FileOutputStream.open0(Native Method) ~[?:?]
	at java.io.FileOutputStream.open(Unknown Source) ~[?:?]
	at java.io.FileOutputStream.<init>(Unknown Source) ~[?:?]
	at com.google.common.io.Files$FileByteSink.openStream(Files.java:201) ~[server.jar:?]
	at com.google.common.io.Files$FileByteSink.openStream(Files.java:189) ~[server.jar:?]
	at com.google.common.io.ByteSink$AsCharSink.openStream(ByteSink.java:151) ~[server.jar:?]
	at com.google.common.io.CharSink.write(CharSink.java:95) ~[server.jar:?]
	at com.google.common.io.Files.write(Files.java:317) ~[server.jar:?]
	at pm.c(SourceFile:175) [server.jar:?]
	at vp.b(SourceFile:313) [server.jar:?]
	at vp.j(SourceFile:768) [server.jar:?]
	at net.minecraft.server.MinecraftServer.h_(SourceFile:523) [server.jar:?]
	at net.minecraft.server.MinecraftServer.run(SourceFile:619) [server.jar:?]
	at java.lang.Thread.run(Unknown Source) [?:?]
[23:56:47] [Server thread/INFO]: Val_Nabe lost connection: Disconnected
[23:56:47] [Server thread/INFO]: Val_Nabe left the game
[23:56:47] [Server thread/WARN]: Failed to save player data for Val_Nabe
[23:56:47] [Server thread/ERROR]: Couldn't save stats
java.io.IOException: Directory './world/stats' could not be created
	at org.apache.commons.io.FileUtils.openOutputStream(FileUtils.java:356) ~[server.jar:?]
	at org.apache.commons.io.FileUtils.writeStringToFile(FileUtils.java:1981) ~[server.jar:?]
	at org.apache.commons.io.FileUtils.writeStringToFile(FileUtils.java:2017) ~[server.jar:?]
	at wo.a(SourceFile:61) ~[server.jar:?]
	at vp.b(SourceFile:309) ~[server.jar:?]
	at vp.e(SourceFile:354) ~[server.jar:?]
	at uc.a(SourceFile:995) ~[server.jar:?]
	at hw.l(SourceFile:398) ~[server.jar:?]
	at java.util.concurrent.Executors$RunnableAdapter.call(Unknown Source) [?:?]
	at net.minecraft.server.MinecraftServer.a(SourceFile:1323) [server.jar:?]
	at net.minecraft.server.MinecraftServer.a(SourceFile:1334) [server.jar:?]
	at uc.b(SourceFile:280) [server.jar:?]
	at vp.u(SourceFile:885) [server.jar:?]
	at net.minecraft.server.MinecraftServer.h_(SourceFile:524) [server.jar:?]
	at net.minecraft.server.MinecraftServer.run(SourceFile:619) [server.jar:?]
	at java.lang.Thread.run(Unknown Source) [?:?]
[23:56:47] [Server thread/ERROR]: Couldn't save player advancements to ./world/advancements/ed267c30-1cc4-4ac4-9fb8-f2263b79e01a.json
java.io.FileNotFoundException: ./world/advancements/ed267c30-1cc4-4ac4-9fb8-f2263b79e01a.json (No such file or directory)
	at java.io.FileOutputStream.open0(Native Method) ~[?:?]
	at java.io.FileOutputStream.open(Unknown Source) ~[?:?]
	at java.io.FileOutputStream.<init>(Unknown Source) ~[?:?]
	at com.google.common.io.Files$FileByteSink.openStream(Files.java:201) ~[server.jar:?]
	at com.google.common.io.Files$FileByteSink.openStream(Files.java:189) ~[server.jar:?]
	at com.google.common.io.ByteSink$AsCharSink.openStream(ByteSink.java:151) ~[server.jar:?]
	at com.google.common.io.CharSink.write(CharSink.java:95) ~[server.jar:?]
	at com.google.common.io.Files.write(Files.java:317) ~[server.jar:?]
	at pm.c(SourceFile:175) ~[server.jar:?]
	at vp.b(SourceFile:313) ~[server.jar:?]
	at vp.e(SourceFile:354) ~[server.jar:?]
	at uc.a(SourceFile:995) ~[server.jar:?]
	at hw.l(SourceFile:398) ~[server.jar:?]
	at java.util.concurrent.Executors$RunnableAdapter.call(Unknown Source) [?:?]
	at net.minecraft.server.MinecraftServer.a(SourceFile:1323) [server.jar:?]
	at net.minecraft.server.MinecraftServer.a(SourceFile:1334) [server.jar:?]
	at uc.b(SourceFile:280) [server.jar:?]
	at vp.u(SourceFile:885) [server.jar:?]
	at net.minecraft.server.MinecraftServer.h_(SourceFile:524) [server.jar:?]
	at net.minecraft.server.MinecraftServer.run(SourceFile:619) [server.jar:?]
	at java.lang.Thread.run(Unknown Source) [?:?]
[23:56:47] [Server thread/INFO]: Saving worlds
[23:56:47] [Server thread/INFO]: Saving chunks for level 'world'/minecraft:the_nether
[23:56:47] [Server thread/INFO]: Saving chunks for level 'world'/minecraft:the_end
[23:56:47] [Server thread/INFO]: Saving chunks for level 'world'/minecraft:overworld
[23:56:47] [Server thread/WARN]: Failed to check session lock, aborting
[23:56:47] [Server Shutdown Thread/INFO]: Stopping server
[23:56:47] [Server Shutdown Thread/INFO]: Saving players
[23:56:47] [Server Shutdown Thread/INFO]: Saving worlds
[23:56:47] [Server Shutdown Thread/INFO]: Saving chunks for level 'world'/minecraft:the_nether
